Determining if the pthread_create exist failed with the following output:
Change Dir: /home/nacken/ojaaho-6/S0017D - Konsoler och platformar/Lab1/build/CMakeFiles/CMakeTmp

Run Build Command:"/usr/bin/make" "cmTC_0b188/fast"
/usr/bin/make -f CMakeFiles/cmTC_0b188.dir/build.make CMakeFiles/cmTC_0b188.dir/build
make[1]: Entering directory '/home/nacken/ojaaho-6/S0017D - Konsoler och platformar/Lab1/build/CMakeFiles/CMakeTmp'
Building C object CMakeFiles/cmTC_0b188.dir/CheckSymbolExists.c.o
/usr/bin/gcc-7    -o CMakeFiles/cmTC_0b188.dir/CheckSymbolExists.c.o   -c "/home/nacken/ojaaho-6/S0017D - Konsoler och platformar/Lab1/build/CMakeFiles/CMakeTmp/CheckSymbolExists.c"
Linking C executable cmTC_0b188
/usr/bin/cmake -E cmake_link_script CMakeFiles/cmTC_0b188.dir/link.txt --verbose=1
/usr/bin/gcc-7      -rdynamic CMakeFiles/cmTC_0b188.dir/CheckSymbolExists.c.o  -o cmTC_0b188 
CMakeFiles/cmTC_0b188.dir/CheckSymbolExists.c.o: In function `main':
CheckSymbolExists.c:(.text+0x1b): undefined reference to `pthread_create'
collect2: error: ld returned 1 exit status
CMakeFiles/cmTC_0b188.dir/build.make:97: recipe for target 'cmTC_0b188' failed
make[1]: *** [cmTC_0b188] Error 1
make[1]: Leaving directory '/home/nacken/ojaaho-6/S0017D - Konsoler och platformar/Lab1/build/CMakeFiles/CMakeTmp'
Makefile:126: recipe for target 'cmTC_0b188/fast' failed
make: *** [cmTC_0b188/fast] Error 2

File /home/nacken/ojaaho-6/S0017D - Konsoler och platformar/Lab1/build/CMakeFiles/CMakeTmp/CheckSymbolExists.c:
/* */
#include <pthread.h>

int main(int argc, char** argv)
{
  (void)argv;
#ifndef pthread_create
  return ((int*)(&pthread_create))[argc];
#else
  (void)argc;
  return 0;
#endif
}

Determining if the function pthread_create exists in the pthreads failed with the following output:
Change Dir: /home/nacken/ojaaho-6/S0017D - Konsoler och platformar/Lab1/build/CMakeFiles/CMakeTmp

Run Build Command:"/usr/bin/make" "cmTC_19c41/fast"
/usr/bin/make -f CMakeFiles/cmTC_19c41.dir/build.make CMakeFiles/cmTC_19c41.dir/build
make[1]: Entering directory '/home/nacken/ojaaho-6/S0017D - Konsoler och platformar/Lab1/build/CMakeFiles/CMakeTmp'
Building C object CMakeFiles/cmTC_19c41.dir/CheckFunctionExists.c.o
/usr/bin/gcc-7   -DCHECK_FUNCTION_EXISTS=pthread_create   -o CMakeFiles/cmTC_19c41.dir/CheckFunctionExists.c.o   -c /usr/share/cmake-3.10/Modules/CheckFunctionExists.c
Linking C executable cmTC_19c41
/usr/bin/cmake -E cmake_link_script CMakeFiles/cmTC_19c41.dir/link.txt --verbose=1
/usr/bin/gcc-7  -DCHECK_FUNCTION_EXISTS=pthread_create    -rdynamic CMakeFiles/cmTC_19c41.dir/CheckFunctionExists.c.o  -o cmTC_19c41 -lpthreads 
/usr/bin/x86_64-linux-gnu-ld: cannot find -lpthreads
collect2: error: ld returned 1 exit status
CMakeFiles/cmTC_19c41.dir/build.make:97: recipe for target 'cmTC_19c41' failed
make[1]: *** [cmTC_19c41] Error 1
make[1]: Leaving directory '/home/nacken/ojaaho-6/S0017D - Konsoler och platformar/Lab1/build/CMakeFiles/CMakeTmp'
Makefile:126: recipe for target 'cmTC_19c41/fast' failed
make: *** [cmTC_19c41/fast] Error 2


